<?xml version="1.0" encoding="UTF-8"?>
<!-- Generated by org.testng.reporters.JUnitXMLReporter -->
<testsuite ignored="0" hostname="DESKTOP-29RH3AB" failures="1" tests="1" name="Test" time="0.23" errors="0" timestamp="12 Dec 2021 07:31:15 GMT">
  <testcase classname="testclass.SampleTestclass" name="main" time="0.203">
    <failure type="java.lang.IllegalStateException" message="The driver executable does not exist: G:\software\Selenium\PageObjectModel\.\drivers\chromedriver.exe">
      <![CDATA[java.lang.IllegalStateException: The driver executable does not exist: G:\software\Selenium\PageObjectModel\.\drivers\chromedriver.exe
	at com.google.common.base.Preconditions.checkState(Preconditions.java:534)
	at org.openqa.selenium.remote.service.DriverService.checkExecutable(DriverService.java:136)
	at org.openqa.selenium.remote.service.DriverService.findExecutable(DriverService.java:131)
	at org.openqa.selenium.chrome.ChromeDriverService.access$000(ChromeDriverService.java:32)
	at org.openqa.selenium.chrome.ChromeDriverService$Builder.findDefaultExecutable(ChromeDriverService.java:137)
	at org.openqa.selenium.remote.service.DriverService$Builder.build(DriverService.java:339)
	at org.openqa.selenium.chrome.ChromeDriverService.createDefaultService(ChromeDriverService.java:88)
	at org.openqa.selenium.chrome.ChromeDriver.<init>(ChromeDriver.java:123)
	at utils.SeMethods.startApp(SeMethods.java:62)
	at pages.LoginPage.enter_username(LoginPage.java:12)
	at testclass.SampleTestclass.main(SampleTestclass.java:14)
... Removed 25 stack frames]]>
    </failure>
  </testcase> <!-- main -->
</testsuite> <!-- Test -->
